<?xml version="1.0" encoding="UTF-8" ?>
<testsuite errors="0" failures="0" hostname="Hobbes" name="client.serverProxy.ServerPollerTest" skipped="0" tests="2" time="0.142" timestamp="2014-07-16T19:36:46">
  <properties>
[...]
</properties>
  <testcase classname="client.serverProxy.ServerPollerTest" name="testSetServerProxy" time="0.005" />
  <testcase classname="client.serverProxy.ServerPollerTest" name="testPoll" time="0.131" />
  <system-out><![CDATA[setServerProxy
poll
]]></system-out>
  <system-err><![CDATA[]]></system-err>
</testsuite>
