<?xml version="1.0" encoding="UTF-8" ?>
<testsuite errors="0" failures="0" hostname="ta-9.cs.byu.edu" name="game.pieces.BoardPieceTest" tests="2" time="0.004" timestamp="2014-07-15T15:58:13">
  <properties>
[...]
</properties>
  <testcase classname="game.pieces.BoardPieceTest" name="testGetOwner" time="0.0" />
  <testcase classname="game.pieces.BoardPieceTest" name="testIsActive" time="0.0" />
  <system-out><![CDATA[getOwner
isActive
]]></system-out>
  <system-err><![CDATA[]]></system-err>
</testsuite>
