# JRE version: Java(TM) SE Runtime Environment (7.0_65-b17) (build 1.7.0_65-b17)
# Java VM: Java HotSpot(TM) 64-Bit Server VM (24.65-b04 mixed mode bsd-amd64 compressed oops)
Heap
 PSYoungGen      total 13824K, used 9220K [0x00000007eaa80000, 0x00000007eb980000, 0x0000000800000000)
  eden space 12288K, 69% used [0x00000007eaa80000,0x00000007eb2dce50,0x00000007eb680000)
  from space 1536K, 42% used [0x00000007eb800000,0x00000007eb8a4250,0x00000007eb980000)
  to   space 1536K, 0% used [0x00000007eb680000,0x00000007eb680000,0x00000007eb800000)
 ParOldGen       total 21504K, used 8309K [0x00000007c0000000, 0x00000007c1500000, 0x00000007eaa80000)
  object space 21504K, 38% used [0x00000007c0000000,0x00000007c081d630,0x00000007c1500000)
 PSPermGen       total 21504K, used 9088K [0x00000007bae00000, 0x00000007bc300000, 0x00000007c0000000)
  object space 21504K, 42% used [0x00000007bae00000,0x00000007bb6e00e8,0x00000007bc300000)
GC Heap History (10 events):
Event: 5011.385 GC heap before
{Heap before GC invocations=1786 (full 22):
 PSYoungGen      total 13824K, used 12761K [0x00000007eaa80000, 0x00000007eb980000, 0x0000000800000000)
  eden space 12288K, 100% used [0x00000007eaa80000,0x00000007eb680000,0x00000007eb680000)
  from space 1536K, 30% used [0x00000007eb680000,0x00000007eb6f65e8,0x00000007eb800000)
  to   space 1536K, 0% used [0x00000007eb800000,0x00000007eb800000,0x00000007eb980000)
 ParOldGen       total 21504K, used 7134K [0x00000007c0000000, 0x00000007c1500000, 0x00000007eaa80000)
  object space 21504K, 33% used [0x00000007c0000000,0x00000007c06f7810,0x00000007c1500000)
 PSPermGen       total 21504K, used 9088K [0x00000007bae00000, 0x00000007bc300000, 0x00000007c0000000)
  object space 21504K, 42% used [0x00000007bae00000,0x00000007bb6e00e8,0x00000007bc300000)
Event: 5011.386 GC heap after
Heap after GC invocations=1786 (full 22):
 PSYoungGen      total 13824K, used 982K [0x00000007eaa80000, 0x00000007eb980000, 0x0000000800000000)
  eden space 12288K, 0% used [0x00000007eaa80000,0x00000007eaa80000,0x00000007eb680000)
  from space 1536K, 63% used [0x00000007eb800000,0x00000007eb8f5bd0,0x00000007eb980000)
  to   space 1536K, 0% used [0x00000007eb680000,0x00000007eb680000,0x00000007eb800000)
 ParOldGen       total 21504K, used 7304K [0x00000007c0000000, 0x00000007c1500000, 0x00000007eaa80000)
  object space 21504K, 33% used [0x00000007c0000000,0x00000007c07220f0,0x00000007c1500000)
 PSPermGen       total 21504K, used 9088K [0x00000007bae00000, 0x00000007bc300000, 0x00000007c0000000)
  object space 21504K, 42% used [0x00000007bae00000,0x00000007bb6e00e8,0x00000007bc300000)
}
Event: 5013.386 GC heap before
{Heap before GC invocations=1787 (full 22):
 PSYoungGen      total 13824K, used 13254K [0x00000007eaa80000, 0x00000007eb980000, 0x0000000800000000)
  eden space 12288K, 99% used [0x00000007eaa80000,0x00000007eb67bca8,0x00000007eb680000)
  from space 1536K, 63% used [0x00000007eb800000,0x00000007eb8f5bd0,0x00000007eb980000)
  to   space 1536K, 0% used [0x00000007eb680000,0x00000007eb680000,0x00000007eb800000)
 ParOldGen       total 21504K, used 7304K [0x00000007c0000000, 0x00000007c1500000, 0x00000007eaa80000)
  object space 21504K, 33% used [0x00000007c0000000,0x00000007c07220f0,0x00000007c1500000)
 PSPermGen       total 21504K, used 9088K [0x00000007bae00000, 0x00000007bc300000, 0x00000007c0000000)
  object space 21504K, 42% used [0x00000007bae00000,0x00000007bb6e00e8,0x00000007bc300000)
Event: 5013.387 GC heap after
Heap after GC invocations=1787 (full 22):
 PSYoungGen      total 13824K, used 1058K [0x00000007eaa80000, 0x00000007eb980000, 0x0000000800000000)
  eden space 12288K, 0% used [0x00000007eaa80000,0x00000007eaa80000,0x00000007eb680000)
  from space 1536K, 68% used [0x00000007eb680000,0x00000007eb788bd0,0x00000007eb800000)
  to   space 1536K, 0% used [0x00000007eb800000,0x00000007eb800000,0x00000007eb980000)
 ParOldGen       total 21504K, used 7628K [0x00000007c0000000, 0x00000007c1500000, 0x00000007eaa80000)
  object space 21504K, 35% used [0x00000007c0000000,0x00000007c07732b0,0x00000007c1500000)
 PSPermGen       total 21504K, used 9088K [0x00000007bae00000, 0x00000007bc300000, 0x00000007c0000000)
  object space 21504K, 42% used [0x00000007bae00000,0x00000007bb6e00e8,0x00000007bc300000)
}
Event: 5015.385 GC heap before
{Heap before GC invocations=1788 (full 22):
 PSYoungGen      total 13824K, used 13295K [0x00000007eaa80000, 0x00000007eb980000, 0x0000000800000000)
  eden space 12288K, 99% used [0x00000007eaa80000,0x00000007eb673228,0x00000007eb680000)
  from space 1536K, 68% used [0x00000007eb680000,0x00000007eb788bd0,0x00000007eb800000)
  to   space 1536K, 0% used [0x00000007eb800000,0x00000007eb800000,0x00000007eb980000)
 ParOldGen       total 21504K, used 7628K [0x00000007c0000000, 0x00000007c1500000, 0x00000007eaa80000)
  object space 21504K, 35% used [0x00000007c0000000,0x00000007c07732b0,0x00000007c1500000)
 PSPermGen       total 21504K, used 9088K [0x00000007bae00000, 0x00000007bc300000, 0x00000007c0000000)
  object space 21504K, 42% used [0x00000007bae00000,0x00000007bb6e00e8,0x00000007bc300000)
Event: 5015.386 GC heap after
Heap after GC invocations=1788 (full 22):
 PSYoungGen      total 13824K, used 813K [0x00000007eaa80000, 0x00000007eb980000, 0x0000000800000000)
  eden space 12288K, 0% used [0x00000007eaa80000,0x00000007eaa80000,0x00000007eb680000)
  from space 1536K, 52% used [0x00000007eb800000,0x00000007eb8cb768,0x00000007eb980000)
  to   space 1536K, 0% used [0x00000007eb680000,0x00000007eb680000,0x00000007eb800000)
 ParOldGen       total 21504K, used 7969K [0x00000007c0000000, 0x00000007c1500000, 0x00000007eaa80000)
  object space 21504K, 37% used [0x00000007c0000000,0x00000007c07c8470,0x00000007c1500000)
 PSPermGen       total 21504K, used 9088K [0x00000007bae00000, 0x00000007bc300000, 0x00000007c0000000)
  object space 21504K, 42% used [0x00000007bae00000,0x00000007bb6e00e8,0x00000007bc300000)
}
Event: 5017.387 GC heap before
{Heap before GC invocations=1789 (full 22):
 PSYoungGen      total 13824K, used 12994K [0x00000007eaa80000, 0x00000007eb980000, 0x0000000800000000)
  eden space 12288K, 99% used [0x00000007eaa80000,0x00000007eb665458,0x00000007eb680000)
  from space 1536K, 52% used [0x00000007eb800000,0x00000007eb8cb768,0x00000007eb980000)
  to   space 1536K, 0% used [0x00000007eb680000,0x00000007eb680000,0x00000007eb800000)
 ParOldGen       total 21504K, used 7969K [0x00000007c0000000, 0x00000007c1500000, 0x00000007eaa80000)
  object space 21504K, 37% used [0x00000007c0000000,0x00000007c07c8470,0x00000007c1500000)
 PSPermGen       total 21504K, used 9088K [0x00000007bae00000, 0x00000007bc300000, 0x00000007c0000000)
  object space 21504K, 42% used [0x00000007bae00000,0x00000007bb6e00e8,0x00000007bc300000)
Event: 5017.389 GC heap after
Heap after GC invocations=1789 (full 22):
 PSYoungGen      total 13824K, used 473K [0x00000007eaa80000, 0x00000007eb980000, 0x0000000800000000)
  eden space 12288K, 0% used [0x00000007eaa80000,0x00000007eaa80000,0x00000007eb680000)
  from space 1536K, 30% used [0x00000007eb680000,0x00000007eb6f65e8,0x00000007eb800000)
  to   space 1536K, 0% used [0x00000007eb800000,0x00000007eb800000,0x00000007eb980000)
 ParOldGen       total 21504K, used 8309K [0x00000007c0000000, 0x00000007c1500000, 0x00000007eaa80000)
  object space 21504K, 38% used [0x00000007c0000000,0x00000007c081d630,0x00000007c1500000)
 PSPermGen       total 21504K, used 9088K [0x00000007bae00000, 0x00000007bc300000, 0x00000007c0000000)
  object space 21504K, 42% used [0x00000007bae00000,0x00000007bb6e00e8,0x00000007bc300000)
}
Event: 5019.926 GC heap before
{Heap before GC invocations=1790 (full 22):
 PSYoungGen      total 13824K, used 12761K [0x00000007eaa80000, 0x00000007eb980000, 0x0000000800000000)
  eden space 12288K, 100% used [0x00000007eaa80000,0x00000007eb680000,0x00000007eb680000)
  from space 1536K, 30% used [0x00000007eb680000,0x00000007eb6f65e8,0x00000007eb800000)
  to   space 1536K, 0% used [0x00000007eb800000,0x00000007eb800000,0x00000007eb980000)
 ParOldGen       total 21504K, used 8309K [0x00000007c0000000, 0x00000007c1500000, 0x00000007eaa80000)
  object space 21504K, 38% used [0x00000007c0000000,0x00000007c081d630,0x00000007c1500000)
 PSPermGen       total 21504K, used 9088K [0x00000007bae00000, 0x00000007bc300000, 0x00000007c0000000)
  object space 21504K, 42% used [0x00000007bae00000,0x00000007bb6e00e8,0x00000007bc300000)
Event: 5019.927 GC heap after
Heap after GC invocations=1790 (full 22):
 PSYoungGen      total 13824K, used 656K [0x00000007eaa80000, 0x00000007eb980000, 0x0000000800000000)
  eden space 12288K, 0% used [0x00000007eaa80000,0x00000007eaa80000,0x00000007eb680000)
  from space 1536K, 42% used [0x00000007eb800000,0x00000007eb8a4250,0x00000007eb980000)
  to   space 1536K, 0% used [0x00000007eb680000,0x00000007eb680000,0x00000007eb800000)
 ParOldGen       total 21504K, used 8309K [0x00000007c0000000, 0x00000007c1500000, 0x00000007eaa80000)
  object space 21504K, 38% used [0x00000007c0000000,0x00000007c081d630,0x00000007c1500000)
 PSPermGen       total 21504K, used 9088K [0x00000007bae00000, 0x00000007bc300000, 0x00000007c0000000)
  object space 21504K, 42% used [0x00000007bae00000,0x00000007bb6e00e8,0x00000007bc300000)
}

